<?xml version="1.0" encoding="UTF-8"?>
<!-- Generated by org.testng.reporters.JUnitReportReporter -->
<testsuite hostname="IN01LAP00082" name="pageTestsLibrary.LoginPageTestSuite" tests="2" failures="0" timestamp="25 Jun 2018 00:45:23 GMT" time="21.290" errors="0">
  <testcase name="loginWithValidCredentials" time="11.844" classname="pageTestsLibrary.LoginPageTestSuite"/>
  <testcase name="loginWithInvalidCredentials" time="9.446" classname="pageTestsLibrary.LoginPageTestSuite"/>
</testsuite> <!-- pageTestsLibrary.LoginPageTestSuite -->
